{"C:\\Users\\oscar\\OneDrive\\Desktop\\Oscar\\Code\\javascript\\LinkedList\\LinkedList.js": {"path":"C:\\Users\\oscar\\OneDrive\\Desktop\\Oscar\\Code\\javascript\\LinkedList\\LinkedList.js","statementMap":{"0":{"start":{"line":3,"column":4},"end":{"line":3,"column":21}},"1":{"start":{"line":4,"column":4},"end":{"line":4,"column":20}},"2":{"start":{"line":8,"column":20},"end":{"line":8,"column":55}},"3":{"start":{"line":9,"column":4},"end":{"line":9,"column":24}},"4":{"start":{"line":10,"column":4},"end":{"line":10,"column":18}},"5":{"start":{"line":14,"column":4},"end":{"line":14,"column":53}},"6":{"start":{"line":14,"column":21},"end":{"line":14,"column":53}},"7":{"start":{"line":16,"column":21},"end":{"line":16,"column":47}},"8":{"start":{"line":17,"column":4},"end":{"line":17,"column":38}},"9":{"start":{"line":17,"column":26},"end":{"line":17,"column":38}},"10":{"start":{"line":19,"column":4},"end":{"line":19,"column":61}},"11":{"start":{"line":20,"column":4},"end":{"line":20,"column":18}},"12":{"start":{"line":24,"column":4},"end":{"line":24,"column":55}},"13":{"start":{"line":24,"column":43},"end":{"line":24,"column":55}},"14":{"start":{"line":26,"column":18},"end":{"line":26,"column":27}},"15":{"start":{"line":27,"column":4},"end":{"line":29,"column":5}},"16":{"start":{"line":27,"column":17},"end":{"line":27,"column":18}},"17":{"start":{"line":28,"column":6},"end":{"line":28,"column":29}},"18":{"start":{"line":30,"column":4},"end":{"line":30,"column":19}},"19":{"start":{"line":34,"column":4},"end":{"line":34,"column":31}},"20":{"start":{"line":35,"column":4},"end":{"line":35,"column":18}},"21":{"start":{"line":39,"column":4},"end":{"line":39,"column":46}},"22":{"start":{"line":39,"column":21},"end":{"line":39,"column":46}},"23":{"start":{"line":41,"column":21},"end":{"line":41,"column":47}},"24":{"start":{"line":42,"column":4},"end":{"line":42,"column":38}},"25":{"start":{"line":42,"column":26},"end":{"line":42,"column":38}},"26":{"start":{"line":44,"column":4},"end":{"line":44,"column":39}},"27":{"start":{"line":45,"column":4},"end":{"line":45,"column":18}},"28":{"start":{"line":49,"column":17},"end":{"line":49,"column":19}},"29":{"start":{"line":50,"column":18},"end":{"line":50,"column":27}},"30":{"start":{"line":51,"column":4},"end":{"line":54,"column":5}},"31":{"start":{"line":52,"column":6},"end":{"line":52,"column":46}},"32":{"start":{"line":53,"column":6},"end":{"line":53,"column":28}},"33":{"start":{"line":55,"column":4},"end":{"line":55,"column":33}},"34":{"start":{"line":61,"column":4},"end":{"line":61,"column":23}},"35":{"start":{"line":62,"column":4},"end":{"line":62,"column":21}},"36":{"start":{"line":66,"column":0},"end":{"line":72,"column":1}},"37":{"start":{"line":67,"column":13},"end":{"line":67,"column":29}},"38":{"start":{"line":68,"column":2},"end":{"line":70,"column":3}},"39":{"start":{"line":68,"column":15},"end":{"line":68,"column":32}},"40":{"start":{"line":69,"column":4},"end":{"line":69,"column":31}},"41":{"start":{"line":71,"column":2},"end":{"line":71,"column":12}},"42":{"start":{"line":74,"column":0},"end":{"line":74,"column":28}}},"fnMap":{"0":{"name":"(anonymous_0)","decl":{"start":{"line":2,"column":2},"end":{"line":2,"column":3}},"loc":{"start":{"line":2,"column":16},"end":{"line":5,"column":3}},"line":2},"1":{"name":"(anonymous_1)","decl":{"start":{"line":7,"column":2},"end":{"line":7,"column":3}},"loc":{"start":{"line":7,"column":21},"end":{"line":11,"column":3}},"line":7},"2":{"name":"(anonymous_2)","decl":{"start":{"line":13,"column":2},"end":{"line":13,"column":3}},"loc":{"start":{"line":13,"column":30},"end":{"line":21,"column":3}},"line":13},"3":{"name":"(anonymous_3)","decl":{"start":{"line":23,"column":2},"end":{"line":23,"column":3}},"loc":{"start":{"line":23,"column":20},"end":{"line":31,"column":3}},"line":23},"4":{"name":"(anonymous_4)","decl":{"start":{"line":33,"column":2},"end":{"line":33,"column":3}},"loc":{"start":{"line":33,"column":15},"end":{"line":36,"column":3}},"line":33},"5":{"name":"(anonymous_5)","decl":{"start":{"line":38,"column":2},"end":{"line":38,"column":3}},"loc":{"start":{"line":38,"column":23},"end":{"line":46,"column":3}},"line":38},"6":{"name":"(anonymous_6)","decl":{"start":{"line":48,"column":2},"end":{"line":48,"column":3}},"loc":{"start":{"line":48,"column":10},"end":{"line":56,"column":3}},"line":48},"7":{"name":"(anonymous_7)","decl":{"start":{"line":60,"column":2},"end":{"line":60,"column":3}},"loc":{"start":{"line":60,"column":27},"end":{"line":63,"column":3}},"line":60},"8":{"name":"(anonymous_8)","decl":{"start":{"line":66,"column":24},"end":{"line":66,"column":25}},"loc":{"start":{"line":66,"column":44},"end":{"line":72,"column":1}},"line":66}},"branchMap":{"0":{"loc":{"start":{"line":14,"column":4},"end":{"line":14,"column":53}},"type":"if","locations":[{"start":{"line":14,"column":4},"end":{"line":14,"column":53}},{"start":{"line":14,"column":4},"end":{"line":14,"column":53}}],"line":14},"1":{"loc":{"start":{"line":17,"column":4},"end":{"line":17,"column":38}},"type":"if","locations":[{"start":{"line":17,"column":4},"end":{"line":17,"column":38}},{"start":{"line":17,"column":4},"end":{"line":17,"column":38}}],"line":17},"2":{"loc":{"start":{"line":24,"column":4},"end":{"line":24,"column":55}},"type":"if","locations":[{"start":{"line":24,"column":4},"end":{"line":24,"column":55}},{"start":{"line":24,"column":4},"end":{"line":24,"column":55}}],"line":24},"3":{"loc":{"start":{"line":24,"column":8},"end":{"line":24,"column":41}},"type":"binary-expr","locations":[{"start":{"line":24,"column":8},"end":{"line":24,"column":17}},{"start":{"line":24,"column":21},"end":{"line":24,"column":41}}],"line":24},"4":{"loc":{"start":{"line":39,"column":4},"end":{"line":39,"column":46}},"type":"if","locations":[{"start":{"line":39,"column":4},"end":{"line":39,"column":46}},{"start":{"line":39,"column":4},"end":{"line":39,"column":46}}],"line":39},"5":{"loc":{"start":{"line":42,"column":4},"end":{"line":42,"column":38}},"type":"if","locations":[{"start":{"line":42,"column":4},"end":{"line":42,"column":38}},{"start":{"line":42,"column":4},"end":{"line":42,"column":38}}],"line":42}},"s":{"0":14,"1":14,"2":37,"3":37,"4":37,"5":4,"6":1,"7":3,"8":3,"9":2,"10":1,"11":1,"12":12,"13":6,"14":6,"15":6,"16":6,"17":7,"18":6,"19":2,"20":2,"21":4,"22":1,"23":3,"24":3,"25":2,"26":1,"27":1,"28":0,"29":0,"30":0,"31":0,"32":0,"33":0,"34":38,"35":38,"36":1,"37":13,"38":13,"39":13,"40":34,"41":13,"42":1},"f":{"0":14,"1":37,"2":4,"3":12,"4":2,"5":4,"6":0,"7":38,"8":13},"b":{"0":[1,3],"1":[2,1],"2":[6,6],"3":[12,9],"4":[1,3],"5":[2,1]},"_coverageSchema":"1a1c01bbd47fc00a2c39e90264f33305004495a9","hash":"41ee60d7a3c1b2eabf3e99439015a31eb0ff8841"}
}
